<?xml version="1.0" encoding="UTF-8"?>
<testng-results ignored="0" total="3" passed="3" failed="0" skipped="0">
  <reporter-output>
  </reporter-output>
  <suite started-at="2024-03-15T15:48:19 IST" name="Default suite" finished-at="2024-03-15T15:49:25 IST" duration-ms="65833">
    <groups>
      <group name="cucumber">
        <method signature="AbstractTestNGCucumberTests.runScenario(io.cucumber.testng.PickleWrapper,io.cucumber.testng.FeatureWrapper)[pri:0, instance:runner.TendableRunner@7b36aa0c]" name="runScenario" class="io.cucumber.testng.AbstractTestNGCucumberTests"/>
      </group> <!-- cucumber -->
    </groups>
    <test started-at="2024-03-15T15:48:19 IST" name="Default test" finished-at="2024-03-15T15:49:25 IST" duration-ms="65833">
      <class name="runner.TendableRunner">
        <test-method is-config="true" signature="setUpClass(org.testng.ITestContext)[pri:0, instance:runner.TendableRunner@7b36aa0c]" started-at="2024-03-15T15:48:19 IST" name="setUpClass" finished-at="2024-03-15T15:48:20 IST" duration-ms="1323" status="PASS">
          <params>
            <param index="0">
              <value>
                <![CDATA[org.testng.TestRunner@37348491]]>
              </value>
            </param>
          </params>
          <reporter-output>
          </reporter-output>
        </test-method> <!-- setUpClass -->
        <test-method signature="runScenario(io.cucumber.testng.PickleWrapper,io.cucumber.testng.FeatureWrapper)[pri:0, instance:runner.TendableRunner@7b36aa0c]" started-at="2024-03-15T15:48:20 IST" name="runScenario" description="Runs Cucumber Scenarios" data-provider="scenarios" finished-at="2024-03-15T15:48:51 IST" duration-ms="30363" status="PASS">
          <params>
            <param index="0">
              <value>
                <![CDATA["Validation of top level menus"]]>
              </value>
            </param>
            <param index="1">
              <value>
                <![CDATA["Tendable Test"]]>
              </value>
            </param>
          </params>
          <reporter-output>
          </reporter-output>
        </test-method> <!-- runScenario -->
        <test-method signature="runScenario(io.cucumber.testng.PickleWrapper,io.cucumber.testng.FeatureWrapper)[pri:0, instance:runner.TendableRunner@7b36aa0c]" started-at="2024-03-15T15:48:51 IST" name="runScenario" description="Runs Cucumber Scenarios" data-provider="scenarios" finished-at="2024-03-15T15:49:08 IST" duration-ms="17641" status="PASS">
          <params>
            <param index="0">
              <value>
                <![CDATA["Request a demo button is present and accessible"]]>
              </value>
            </param>
            <param index="1">
              <value>
                <![CDATA["Tendable Test"]]>
              </value>
            </param>
          </params>
          <reporter-output>
          </reporter-output>
        </test-method> <!-- runScenario -->
        <test-method signature="runScenario(io.cucumber.testng.PickleWrapper,io.cucumber.testng.FeatureWrapper)[pri:0, instance:runner.TendableRunner@7b36aa0c]" started-at="2024-03-15T15:49:08 IST" name="runScenario" description="Runs Cucumber Scenarios" data-provider="scenarios" finished-at="2024-03-15T15:49:22 IST" duration-ms="13873" status="PASS">
          <params>
            <param index="0">
              <value>
                <![CDATA["Ensure contact us section confirms error message"]]>
              </value>
            </param>
            <param index="1">
              <value>
                <![CDATA["Tendable Test"]]>
              </value>
            </param>
          </params>
          <reporter-output>
          </reporter-output>
        </test-method> <!-- runScenario -->
        <test-method is-config="true" signature="tearDownClass()[pri:0, instance:runner.TendableRunner@7b36aa0c]" started-at="2024-03-15T15:49:22 IST" name="tearDownClass" finished-at="2024-03-15T15:49:25 IST" duration-ms="2524" status="PASS">
          <reporter-output>
          </reporter-output>
        </test-method> <!-- tearDownClass -->
      </class> <!-- runner.TendableRunner -->
    </test> <!-- Default test -->
  </suite> <!-- Default suite -->
</testng-results>
